<?xml version="1.0" encoding="UTF-8"?>
<testng-results ignored="0" total="8" passed="8" failed="0" skipped="0">
  <reporter-output>
  </reporter-output>
  <suite started-at="2021-12-18T19:24:55 IST" name="Suite" finished-at="2021-12-18T19:25:01 IST" duration-ms="5357">
    <groups>
    </groups>
    <test started-at="2021-12-18T19:24:55 IST" name="NewTestApi" finished-at="2021-12-18T19:25:01 IST" duration-ms="5357">
      <class name="com.TestApi.testcases.TC001_Get_All_Employees">
        <test-method is-config="true" signature="setup()[pri:0, instance:com.TestApi.testcases.TC001_Get_All_Employees@21e360a]" started-at="2021-12-18T19:24:55 IST" name="setup" finished-at="2021-12-18T19:24:56 IST" duration-ms="24" status="PASS">
          <reporter-output>
          </reporter-output>
        </test-method> <!-- setup -->
        <test-method is-config="true" signature="getAllEmployees()[pri:0, instance:com.TestApi.testcases.TC001_Get_All_Employees@21e360a]" started-at="2021-12-18T19:24:56 IST" name="getAllEmployees" finished-at="2021-12-18T19:25:01 IST" duration-ms="5040" status="PASS">
          <reporter-output>
          </reporter-output>
        </test-method> <!-- getAllEmployees -->
        <test-method signature="checkContentType()[pri:0, instance:com.TestApi.testcases.TC001_Get_All_Employees@21e360a]" started-at="2021-12-18T19:25:01 IST" name="checkContentType" finished-at="2021-12-18T19:25:01 IST" duration-ms="11" status="PASS">
          <reporter-output>
          </reporter-output>
        </test-method> <!-- checkContentType -->
        <test-method signature="checkResponseBody()[pri:0, instance:com.TestApi.testcases.TC001_Get_All_Employees@21e360a]" started-at="2021-12-18T19:25:01 IST" name="checkResponseBody" finished-at="2021-12-18T19:25:01 IST" duration-ms="16" status="PASS">
          <reporter-output>
          </reporter-output>
        </test-method> <!-- checkResponseBody -->
        <test-method signature="checkResponseTime()[pri:0, instance:com.TestApi.testcases.TC001_Get_All_Employees@21e360a]" started-at="2021-12-18T19:25:01 IST" name="checkResponseTime" finished-at="2021-12-18T19:25:01 IST" duration-ms="2" status="PASS">
          <reporter-output>
          </reporter-output>
        </test-method> <!-- checkResponseTime -->
        <test-method signature="checkStatusLine()[pri:0, instance:com.TestApi.testcases.TC001_Get_All_Employees@21e360a]" started-at="2021-12-18T19:25:01 IST" name="checkStatusLine" finished-at="2021-12-18T19:25:01 IST" duration-ms="1" status="PASS">
          <reporter-output>
          </reporter-output>
        </test-method> <!-- checkStatusLine -->
        <test-method signature="checkserverType()[pri:0, instance:com.TestApi.testcases.TC001_Get_All_Employees@21e360a]" started-at="2021-12-18T19:25:01 IST" name="checkserverType" finished-at="2021-12-18T19:25:01 IST" duration-ms="1" status="PASS">
          <reporter-output>
          </reporter-output>
        </test-method> <!-- checkserverType -->
        <test-method signature="contentEncoding()[pri:0, instance:com.TestApi.testcases.TC001_Get_All_Employees@21e360a]" started-at="2021-12-18T19:25:01 IST" name="contentEncoding" finished-at="2021-12-18T19:25:01 IST" duration-ms="1" status="PASS">
          <reporter-output>
          </reporter-output>
        </test-method> <!-- contentEncoding -->
        <test-method signature="getCookies()[pri:0, instance:com.TestApi.testcases.TC001_Get_All_Employees@21e360a]" started-at="2021-12-18T19:25:01 IST" name="getCookies" finished-at="2021-12-18T19:25:01 IST" duration-ms="1" status="PASS">
          <reporter-output>
          </reporter-output>
        </test-method> <!-- getCookies -->
        <test-method signature="statusCode()[pri:0, instance:com.TestApi.testcases.TC001_Get_All_Employees@21e360a]" started-at="2021-12-18T19:25:01 IST" name="statusCode" finished-at="2021-12-18T19:25:01 IST" duration-ms="3" status="PASS">
          <reporter-output>
          </reporter-output>
        </test-method> <!-- statusCode -->
        <test-method is-config="true" signature="tearDown()[pri:0, instance:com.TestApi.testcases.TC001_Get_All_Employees@21e360a]" started-at="2021-12-18T19:25:01 IST" name="tearDown" finished-at="2021-12-18T19:25:01 IST" duration-ms="1" status="PASS">
          <reporter-output>
          </reporter-output>
        </test-method> <!-- tearDown -->
      </class> <!-- com.TestApi.testcases.TC001_Get_All_Employees -->
    </test> <!-- NewTestApi -->
  </suite> <!-- Suite -->
</testng-results>
