<?xml version="1.0" encoding="UTF-8"?>
<!-- Generated by org.testng.reporters.JUnitXMLReporter -->
<testsuite ignored="0" hostname="LAPTOP-FAREL36J" failures="1" tests="9" name="Test" time="4.351" errors="0" timestamp="2021-12-18T15:33:52 IST">
  <testcase classname="com.TestApi.testcases.TC001_Get_All_Employees" name="checkContentLength" time="0.004">
    <failure type="java.lang.NumberFormatException" message="null">
      <![CDATA[java.lang.NumberFormatException: null
at java.base/java.lang.Integer.parseInt(Integer.java:622)
at java.base/java.lang.Integer.parseInt(Integer.java:778)
at com.TestApi.testcases.TC001_Get_All_Employees.checkContentLength(TC001_Get_All_Employees.java:98)
at java.base/java.util.ArrayList.forEach(ArrayList.java:1511)
... Removed 27 stack frames]]>
    </failure>
  </testcase> <!-- checkContentLength -->
  <testcase classname="com.TestApi.testcases.TC001_Get_All_Employees" name="checkContentType" time="0.003"/>
  <testcase classname="com.TestApi.testcases.TC001_Get_All_Employees" name="checkResponseBody" time="0.012"/>
  <testcase classname="com.TestApi.testcases.TC001_Get_All_Employees" name="checkResponseTime" time="0.001"/>
  <testcase classname="com.TestApi.testcases.TC001_Get_All_Employees" name="checkStatusLine" time="0.001"/>
  <testcase classname="com.TestApi.testcases.TC001_Get_All_Employees" name="checkserverType" time="0.001"/>
  <testcase classname="com.TestApi.testcases.TC001_Get_All_Employees" name="contentEncoding" time="0.002"/>
  <testcase classname="com.TestApi.testcases.TC001_Get_All_Employees" name="getCookies" time="0.002"/>
  <testcase classname="com.TestApi.testcases.TC001_Get_All_Employees" name="statusCode" time="0.0"/>
</testsuite> <!-- Test -->
